Library/Bee/Android/Prj/Mono2x/Gradle/launcher/build/intermediates/manifest_merge_blame_file/release/manifest-merger-blame-release-report.txt
1<?xml version="1.0" encoding="utf-8"?>
2<manifest xmlns:android="http://schemas.android.com/apk/res/android"
3    package="com.DefaultCompany.Guntest"
4    android:installLocation="preferExternal"
5    android:versionCode="1"
6    android:versionName="0.1" >
7
8    <uses-sdk
9        android:minSdkVersion="22"
9-->src\main\AndroidManifest.xml
10        android:targetSdkVersion="32" />
10-->src\main\AndroidManifest.xml
11
12    <supports-screens
12-->src\main\AndroidManifest.xml:4:3-163
13        android:anyDensity="true"
13-->src\main\AndroidManifest.xml:4:135-160
14        android:largeScreens="true"
14-->src\main\AndroidManifest.xml:4:78-105
15        android:normalScreens="true"
15-->src\main\AndroidManifest.xml:4:49-77
16        android:smallScreens="true"
16-->src\main\AndroidManifest.xml:4:21-48
17        android:xlargeScreens="true" />
17-->src\main\AndroidManifest.xml:4:106-134
18
19    <uses-permission android:name="android.permission.BLUETOOTH" />
19-->[:unityLibrary] AndroidManifest.xml:11:5-68
19-->[:unityLibrary] AndroidManifest.xml:11:22-65
20    <uses-permission android:name="android.permission.BLUETOOTH_ADMIN" />
20-->[:unityLibrary] AndroidManifest.xml:12:5-74
20-->[:unityLibrary] AndroidManifest.xml:12:22-71
21    <uses-permission android:name="android.permission.ACCESS_COARSE_LOCATION" />
21-->[:unityLibrary] AndroidManifest.xml:13:5-81
21-->[:unityLibrary] AndroidManifest.xml:13:22-78
22
23    <uses-feature
23-->[:unityLibrary] AndroidManifest.xml:15:5-17:35
24        android:name="android.hardware.bluetooth_le"
24-->[:unityLibrary] AndroidManifest.xml:16:9-53
25        android:required="true" />
25-->[:unityLibrary] AndroidManifest.xml:17:9-32
26    <uses-feature android:glEsVersion="0x00030000" />
26-->[:unityLibrary] AndroidManifest.xml:18:5-54
26-->[:unityLibrary] AndroidManifest.xml:18:19-51
27    <uses-feature
27-->[:unityLibrary] AndroidManifest.xml:19:5-21:36
28        android:name="android.hardware.vulkan.version"
28-->[:unityLibrary] AndroidManifest.xml:20:9-55
29        android:required="false" />
29-->[:unityLibrary] AndroidManifest.xml:21:9-33
30    <uses-feature
30-->[:unityLibrary] AndroidManifest.xml:22:5-24:36
31        android:name="android.hardware.touchscreen"
31-->[:unityLibrary] AndroidManifest.xml:23:9-52
32        android:required="false" />
32-->[:unityLibrary] AndroidManifest.xml:24:9-33
33    <uses-feature
33-->[:unityLibrary] AndroidManifest.xml:25:5-27:36
34        android:name="android.hardware.touchscreen.multitouch"
34-->[:unityLibrary] AndroidManifest.xml:26:9-63
35        android:required="false" />
35-->[:unityLibrary] AndroidManifest.xml:27:9-33
36    <uses-feature
36-->[:unityLibrary] AndroidManifest.xml:28:5-30:36
37        android:name="android.hardware.touchscreen.multitouch.distinct"
37-->[:unityLibrary] AndroidManifest.xml:29:9-72
38        android:required="false" />
38-->[:unityLibrary] AndroidManifest.xml:30:9-33
39
40    <application
40-->src\main\AndroidManifest.xml:3:3-83
41        android:extractNativeLibs="true"
41-->[:unityLibrary] AndroidManifest.xml:40:9-41
42        android:icon="@mipmap/app_icon"
42-->src\main\AndroidManifest.xml:3:49-80
43        android:label="@string/app_name"
43-->src\main\AndroidManifest.xml:3:16-48
44        android:theme="@style/UnityThemeSelector" >
44-->[:unityLibrary] AndroidManifest.xml:43:9-50
45        <meta-data
45-->[:unityLibrary] AndroidManifest.xml:44:9-46:33
46            android:name="unity.splash-mode"
46-->[:unityLibrary] AndroidManifest.xml:45:13-45
47            android:value="0" />
47-->[:unityLibrary] AndroidManifest.xml:46:13-30
48        <meta-data
48-->[:unityLibrary] AndroidManifest.xml:47:9-49:36
49            android:name="unity.splash-enable"
49-->[:unityLibrary] AndroidManifest.xml:48:13-47
50            android:value="True" />
50-->[:unityLibrary] AndroidManifest.xml:49:13-33
51        <meta-data
51-->[:unityLibrary] AndroidManifest.xml:50:9-52:36
52            android:name="unity.launch-fullscreen"
52-->[:unityLibrary] AndroidManifest.xml:51:13-51
53            android:value="True" />
53-->[:unityLibrary] AndroidManifest.xml:52:13-33
54        <meta-data
54-->[:unityLibrary] AndroidManifest.xml:53:9-55:37
55            android:name="unity.allow-resizable-window"
55-->[:unityLibrary] AndroidManifest.xml:54:13-56
56            android:value="False" />
56-->[:unityLibrary] AndroidManifest.xml:55:13-34
57        <meta-data
57-->[:unityLibrary] AndroidManifest.xml:56:9-58:50
58            android:name="notch.config"
58-->[:unityLibrary] AndroidManifest.xml:57:13-40
59            android:value="portrait|landscape" />
59-->[:unityLibrary] AndroidManifest.xml:58:13-47
60        <meta-data
60-->[:unityLibrary] AndroidManifest.xml:59:9-61:36
61            android:name="unity.auto-report-fully-drawn"
61-->[:unityLibrary] AndroidManifest.xml:60:13-57
62            android:value="true" />
62-->[:unityLibrary] AndroidManifest.xml:61:13-33
63
64        <activity
64-->[:unityLibrary] AndroidManifest.xml:63:9-85:20
65            android:name="com.unity3d.player.UnityPlayerActivity"
65-->[:unityLibrary] AndroidManifest.xml:64:13-66
66            android:configChanges="mcc|mnc|locale|touchscreen|keyboard|keyboardHidden|navigation|orientation|screenLayout|uiMode|screenSize|smallestScreenSize|fontScale|layoutDirection|density"
66-->[:unityLibrary] AndroidManifest.xml:65:13-194
67            android:exported="true"
67-->[:unityLibrary] AndroidManifest.xml:66:13-36
68            android:hardwareAccelerated="false"
68-->[:unityLibrary] AndroidManifest.xml:67:13-48
69            android:label="@string/app_name"
69-->[:unityLibrary] AndroidManifest.xml:68:13-45
70            android:launchMode="singleTask"
70-->[:unityLibrary] AndroidManifest.xml:69:13-44
71            android:resizeableActivity="false"
71-->[:unityLibrary] AndroidManifest.xml:70:13-47
72            android:screenOrientation="fullUser" >
72-->[:unityLibrary] AndroidManifest.xml:71:13-49
73            <intent-filter>
73-->[:unityLibrary] AndroidManifest.xml:72:13-77:29
74                <category android:name="android.intent.category.LAUNCHER" />
74-->[:unityLibrary] AndroidManifest.xml:73:17-77
74-->[:unityLibrary] AndroidManifest.xml:73:27-74
75
76                <action android:name="android.intent.action.MAIN" />
76-->[:unityLibrary] AndroidManifest.xml:75:17-69
76-->[:unityLibrary] AndroidManifest.xml:75:25-66
77                <action android:name="android.bluetooth.device.action.ACL_DISCONNECTED" />
77-->[:unityLibrary] AndroidManifest.xml:76:17-91
77-->[:unityLibrary] AndroidManifest.xml:76:25-88
78            </intent-filter>
79
80            <meta-data
80-->[:unityLibrary] AndroidManifest.xml:79:13-81:40
81                android:name="unityplayer.UnityActivity"
81-->[:unityLibrary] AndroidManifest.xml:80:17-57
82                android:value="true" />
82-->[:unityLibrary] AndroidManifest.xml:81:17-37
83            <meta-data
83-->[:unityLibrary] AndroidManifest.xml:82:13-84:40
84                android:name="notch_support"
84-->[:unityLibrary] AndroidManifest.xml:83:17-45
85                android:value="true" />
85-->[:unityLibrary] AndroidManifest.xml:84:17-37
86        </activity>
87    </application>
88
89</manifest>